<?xml version="1.0" encoding="UTF-8"?>
<testng-results ignored="0" total="10" passed="10" failed="0" skipped="0">
  <reporter-output>
  </reporter-output>
  <suite started-at="2026-06-17T17:00:00 IST" name="TestNGSuite" finished-at="2026-06-17T17:00:41 IST" duration-ms="40939">
    <groups>
    </groups>
    <test started-at="2026-06-17T17:00:00 IST" name="EdgeTest" finished-at="2026-06-17T17:00:41 IST" duration-ms="40939">
      <class name="testscript.ManageNewsTest">
        <test-method is-config="true" signature="browserInitialization(java.lang.String)[pri:0, instance:testscript.ManageNewsTest@7dcf94f8]" started-at="2026-06-17T17:00:14 IST" name="browserInitialization" finished-at="2026-06-17T17:00:16 IST" duration-ms="1812" status="PASS">
          <params>
            <param index="0">
              <value>
                <![CDATA[Edge]]>
              </value>
            </param>
          </params>
          <reporter-output>
          </reporter-output>
        </test-method> <!-- browserInitialization -->
        <test-method signature="verifiesManageNewsFeature()[pri:0, instance:testscript.ManageNewsTest@7dcf94f8]" started-at="2026-06-17T17:00:16 IST" name="verifiesManageNewsFeature" finished-at="2026-06-17T17:00:18 IST" duration-ms="2273" status="PASS">
          <reporter-output>
          </reporter-output>
        </test-method> <!-- verifiesManageNewsFeature -->
        <test-method is-config="true" signature="browserQuitandClose()[pri:0, instance:testscript.ManageNewsTest@7dcf94f8]" started-at="2026-06-17T17:00:18 IST" name="browserQuitandClose" finished-at="2026-06-17T17:00:18 IST" duration-ms="203" status="PASS">
          <reporter-output>
          </reporter-output>
        </test-method> <!-- browserQuitandClose -->
      </class> <!-- testscript.ManageNewsTest -->
      <class name="testscript.ManageContactTest">
        <test-method is-config="true" signature="browserInitialization(java.lang.String)[pri:0, instance:testscript.ManageContactTest@217ed35e]" started-at="2026-06-17T17:00:09 IST" name="browserInitialization" finished-at="2026-06-17T17:00:11 IST" duration-ms="1879" status="PASS">
          <params>
            <param index="0">
              <value>
                <![CDATA[Edge]]>
              </value>
            </param>
          </params>
          <reporter-output>
          </reporter-output>
        </test-method> <!-- browserInitialization -->
        <test-method signature="verifyManageContact()[pri:0, instance:testscript.ManageContactTest@217ed35e]" started-at="2026-06-17T17:00:11 IST" name="verifyManageContact" finished-at="2026-06-17T17:00:14 IST" duration-ms="2645" status="PASS">
          <reporter-output>
          </reporter-output>
        </test-method> <!-- verifyManageContact -->
        <test-method is-config="true" signature="browserQuitandClose()[pri:0, instance:testscript.ManageContactTest@217ed35e]" started-at="2026-06-17T17:00:14 IST" name="browserQuitandClose" finished-at="2026-06-17T17:00:14 IST" duration-ms="243" status="PASS">
          <reporter-output>
          </reporter-output>
        </test-method> <!-- browserQuitandClose -->
      </class> <!-- testscript.ManageContactTest -->
      <class name="testscript.ManageFooterTextTest">
        <test-method is-config="true" signature="browserInitialization(java.lang.String)[pri:0, instance:testscript.ManageFooterTextTest@229f66ed]" started-at="2026-06-17T17:00:18 IST" name="browserInitialization" finished-at="2026-06-17T17:00:20 IST" duration-ms="1819" status="PASS">
          <params>
            <param index="0">
              <value>
                <![CDATA[Edge]]>
              </value>
            </param>
          </params>
          <reporter-output>
          </reporter-output>
        </test-method> <!-- browserInitialization -->
        <test-method signature="verfiyManagerFooterUpdateData()[pri:0, instance:testscript.ManageFooterTextTest@229f66ed]" started-at="2026-06-17T17:00:20 IST" name="verfiyManagerFooterUpdateData" finished-at="2026-06-17T17:00:23 IST" duration-ms="2321" status="PASS">
          <reporter-output>
          </reporter-output>
        </test-method> <!-- verfiyManagerFooterUpdateData -->
        <test-method is-config="true" signature="browserQuitandClose()[pri:0, instance:testscript.ManageFooterTextTest@229f66ed]" started-at="2026-06-17T17:00:23 IST" name="browserQuitandClose" finished-at="2026-06-17T17:00:23 IST" duration-ms="214" status="PASS">
          <reporter-output>
          </reporter-output>
        </test-method> <!-- browserQuitandClose -->
      </class> <!-- testscript.ManageFooterTextTest -->
      <class name="testscript.AdminUsersTest">
        <test-method is-config="true" signature="browserInitialization(java.lang.String)[pri:0, instance:testscript.AdminUsersTest@51399530]" started-at="2026-06-17T17:00:00 IST" name="browserInitialization" finished-at="2026-06-17T17:00:03 IST" duration-ms="3420" status="PASS">
          <params>
            <param index="0">
              <value>
                <![CDATA[Edge]]>
              </value>
            </param>
          </params>
          <reporter-output>
          </reporter-output>
        </test-method> <!-- browserInitialization -->
        <test-method signature="verifiesAdminUsers()[pri:0, instance:testscript.AdminUsersTest@51399530]" started-at="2026-06-17T17:00:03 IST" name="verifiesAdminUsers" finished-at="2026-06-17T17:00:09 IST" duration-ms="5685" status="PASS">
          <reporter-output>
          </reporter-output>
        </test-method> <!-- verifiesAdminUsers -->
        <test-method is-config="true" signature="browserQuitandClose()[pri:0, instance:testscript.AdminUsersTest@51399530]" started-at="2026-06-17T17:00:09 IST" name="browserQuitandClose" finished-at="2026-06-17T17:00:09 IST" duration-ms="234" status="PASS">
          <reporter-output>
          </reporter-output>
        </test-method> <!-- browserQuitandClose -->
      </class> <!-- testscript.AdminUsersTest -->
      <class name="testscript.LoginTest">
        <test-method is-config="true" signature="browserInitialization(java.lang.String)[pri:0, instance:testscript.LoginTest@662ac478]" started-at="2026-06-17T17:00:26 IST" name="browserInitialization" finished-at="2026-06-17T17:00:28 IST" duration-ms="1910" status="PASS">
          <params>
            <param index="0">
              <value>
                <![CDATA[Edge]]>
              </value>
            </param>
          </params>
          <reporter-output>
          </reporter-output>
        </test-method> <!-- browserInitialization -->
        <test-method signature="loginWithInvalidCredentials()[pri:0, instance:testscript.LoginTest@662ac478]" started-at="2026-06-17T17:00:28 IST" name="loginWithInvalidCredentials" finished-at="2026-06-17T17:00:28 IST" duration-ms="644" status="PASS">
          <reporter-output>
          </reporter-output>
        </test-method> <!-- loginWithInvalidCredentials -->
        <test-method is-config="true" signature="browserQuitandClose()[pri:0, instance:testscript.LoginTest@662ac478]" started-at="2026-06-17T17:00:28 IST" name="browserQuitandClose" finished-at="2026-06-17T17:00:29 IST" duration-ms="184" status="PASS">
          <reporter-output>
          </reporter-output>
        </test-method> <!-- browserQuitandClose -->
        <test-method is-config="true" signature="browserInitialization(java.lang.String)[pri:0, instance:testscript.LoginTest@662ac478]" started-at="2026-06-17T17:00:29 IST" name="browserInitialization" finished-at="2026-06-17T17:00:31 IST" duration-ms="1838" status="PASS">
          <params>
            <param index="0">
              <value>
                <![CDATA[Edge]]>
              </value>
            </param>
          </params>
          <reporter-output>
          </reporter-output>
        </test-method> <!-- browserInitialization -->
        <test-method signature="loginWithInvalidusernameAndValidPassword()[pri:0, instance:testscript.LoginTest@662ac478]" started-at="2026-06-17T17:00:31 IST" name="loginWithInvalidusernameAndValidPassword" finished-at="2026-06-17T17:00:31 IST" duration-ms="573" status="PASS">
          <reporter-output>
          </reporter-output>
        </test-method> <!-- loginWithInvalidusernameAndValidPassword -->
        <test-method is-config="true" signature="browserQuitandClose()[pri:0, instance:testscript.LoginTest@662ac478]" started-at="2026-06-17T17:00:31 IST" name="browserQuitandClose" finished-at="2026-06-17T17:00:31 IST" duration-ms="182" status="PASS">
          <reporter-output>
          </reporter-output>
        </test-method> <!-- browserQuitandClose -->
        <test-method is-config="true" signature="browserInitialization(java.lang.String)[pri:0, instance:testscript.LoginTest@662ac478]" started-at="2026-06-17T17:00:31 IST" name="browserInitialization" finished-at="2026-06-17T17:00:33 IST" duration-ms="1750" status="PASS">
          <params>
            <param index="0">
              <value>
                <![CDATA[Edge]]>
              </value>
            </param>
          </params>
          <reporter-output>
          </reporter-output>
        </test-method> <!-- browserInitialization -->
        <test-method signature="loginWithValidCredentials()[pri:0, instance:testscript.LoginTest@662ac478]" started-at="2026-06-17T17:00:33 IST" name="loginWithValidCredentials" description="Validating Login functionality" finished-at="2026-06-17T17:00:34 IST" duration-ms="756" status="PASS">
          <reporter-output>
          </reporter-output>
        </test-method> <!-- loginWithValidCredentials -->
        <test-method is-config="true" signature="browserQuitandClose()[pri:0, instance:testscript.LoginTest@662ac478]" started-at="2026-06-17T17:00:34 IST" name="browserQuitandClose" finished-at="2026-06-17T17:00:34 IST" duration-ms="231" status="PASS">
          <reporter-output>
          </reporter-output>
        </test-method> <!-- browserQuitandClose -->
        <test-method is-config="true" signature="browserInitialization(java.lang.String)[pri:0, instance:testscript.LoginTest@662ac478]" started-at="2026-06-17T17:00:34 IST" name="browserInitialization" finished-at="2026-06-17T17:00:36 IST" duration-ms="1876" status="PASS">
          <params>
            <param index="0">
              <value>
                <![CDATA[Edge]]>
              </value>
            </param>
          </params>
          <reporter-output>
          </reporter-output>
        </test-method> <!-- browserInitialization -->
        <test-method signature="loginWithValidusernameAndInvalidPassword()[pri:0, instance:testscript.LoginTest@662ac478]" started-at="2026-06-17T17:00:36 IST" name="loginWithValidusernameAndInvalidPassword" finished-at="2026-06-17T17:00:36 IST" duration-ms="518" status="PASS">
          <reporter-output>
          </reporter-output>
        </test-method> <!-- loginWithValidusernameAndInvalidPassword -->
        <test-method is-config="true" signature="browserQuitandClose()[pri:0, instance:testscript.LoginTest@662ac478]" started-at="2026-06-17T17:00:36 IST" name="browserQuitandClose" finished-at="2026-06-17T17:00:37 IST" duration-ms="201" status="PASS">
          <reporter-output>
          </reporter-output>
        </test-method> <!-- browserQuitandClose -->
      </class> <!-- testscript.LoginTest -->
      <class name="testscript.LogoutTest">
        <test-method is-config="true" signature="browserInitialization(java.lang.String)[pri:0, instance:testscript.LogoutTest@31190526]" started-at="2026-06-17T17:00:23 IST" name="browserInitialization" finished-at="2026-06-17T17:00:25 IST" duration-ms="1794" status="PASS">
          <params>
            <param index="0">
              <value>
                <![CDATA[Edge]]>
              </value>
            </param>
          </params>
          <reporter-output>
          </reporter-output>
        </test-method> <!-- browserInitialization -->
        <test-method signature="verifiesLogout()[pri:0, instance:testscript.LogoutTest@31190526]" started-at="2026-06-17T17:00:25 IST" name="verifiesLogout" finished-at="2026-06-17T17:00:26 IST" duration-ms="1092" status="PASS">
          <reporter-output>
          </reporter-output>
        </test-method> <!-- verifiesLogout -->
        <test-method is-config="true" signature="browserQuitandClose()[pri:0, instance:testscript.LogoutTest@31190526]" started-at="2026-06-17T17:00:26 IST" name="browserQuitandClose" finished-at="2026-06-17T17:00:26 IST" duration-ms="202" status="PASS">
          <reporter-output>
          </reporter-output>
        </test-method> <!-- browserQuitandClose -->
      </class> <!-- testscript.LogoutTest -->
      <class name="testscript.ManageCategoryTest">
        <test-method is-config="true" signature="browserInitialization(java.lang.String)[pri:0, instance:testscript.ManageCategoryTest@6743e411]" started-at="2026-06-17T17:00:37 IST" name="browserInitialization" finished-at="2026-06-17T17:00:38 IST" duration-ms="1780" status="PASS">
          <params>
            <param index="0">
              <value>
                <![CDATA[Edge]]>
              </value>
            </param>
          </params>
          <reporter-output>
          </reporter-output>
        </test-method> <!-- browserInitialization -->
        <test-method signature="verifyManageCategory()[pri:0, instance:testscript.ManageCategoryTest@6743e411]" started-at="2026-06-17T17:00:38 IST" name="verifyManageCategory" finished-at="2026-06-17T17:00:41 IST" duration-ms="2386" status="PASS">
          <reporter-output>
          </reporter-output>
        </test-method> <!-- verifyManageCategory -->
        <test-method is-config="true" signature="browserQuitandClose()[pri:0, instance:testscript.ManageCategoryTest@6743e411]" started-at="2026-06-17T17:00:41 IST" name="browserQuitandClose" finished-at="2026-06-17T17:00:41 IST" duration-ms="152" status="PASS">
          <reporter-output>
          </reporter-output>
        </test-method> <!-- browserQuitandClose -->
      </class> <!-- testscript.ManageCategoryTest -->
    </test> <!-- EdgeTest -->
  </suite> <!-- TestNGSuite -->
</testng-results>
