<?xml version="1.0" encoding="UTF-8"?>
<!-- Generated by org.testng.reporters.JUnitXMLReporter -->
<testsuite ignored="8" hostname="LAPTOP-QPREM4QV" failures="0" tests="2" name="EdgeTest" time="7.442" errors="0" timestamp="2026-06-19T20:59:54 IST">
  <testcase classname="testscript.LogoutTest" name="verifiesLogout" time="1.989"/>
  <testcase classname="testscript.LoginTest" name="loginWithValidCredentials" time="0.721"/>
  <testcase classname="testscript.ManageNewsTest" name="verifiesManageNewsFeature" time="0.0">
    <ignored/>
  </testcase> <!-- verifiesManageNewsFeature -->
  <testcase classname="testscript.ManageFooterTextTest" name="verfiyManagerFooterUpdateData" time="0.0">
    <ignored/>
  </testcase> <!-- verfiyManagerFooterUpdateData -->
  <testcase classname="testscript.ManageCategoryTest" name="verifyManageCategory" time="0.0">
    <ignored/>
  </testcase> <!-- verifyManageCategory -->
  <testcase classname="testscript.AdminUsersTest" name="verifiesAdminUsers" time="0.0">
    <ignored/>
  </testcase> <!-- verifiesAdminUsers -->
  <testcase classname="testscript.LoginTest" name="loginWithValidusernameAndInvalidPassword" time="0.0">
    <ignored/>
  </testcase> <!-- loginWithValidusernameAndInvalidPassword -->
  <testcase classname="testscript.LoginTest" name="loginWithInvalidCredentials" time="0.0">
    <ignored/>
  </testcase> <!-- loginWithInvalidCredentials -->
  <testcase classname="testscript.ManageContactTest" name="verifyManageContact" time="0.0">
    <ignored/>
  </testcase> <!-- verifyManageContact -->
  <testcase classname="testscript.LoginTest" name="loginWithInvalidusernameAndValidPassword" time="0.0">
    <ignored/>
  </testcase> <!-- loginWithInvalidusernameAndValidPassword -->
</testsuite> <!-- EdgeTest -->
