<?xml version="1.0" encoding="UTF-8"?>
<!-- Generated by org.testng.reporters.JUnitXMLReporter -->
<testsuite ignored="0" hostname="LAPTOP-QPREM4QV" failures="0" tests="3" name="EdgeTest" time="414.018" errors="0" timestamp="2026-06-18T21:35:09 IST">
  <testcase classname="testscript.AdminUsersTest" name="verifiesAdminUsers" time="12.758">
    <skipped/>
  </testcase> <!-- verifiesAdminUsers -->
  <testcase classname="testscript.AdminUsersTest" name="verifiesAdminUsers" time="9.62">
    <skipped/>
  </testcase> <!-- verifiesAdminUsers -->
  <testcase classname="testscript.AdminUsersTest" name="verifiesAdminUsers" time="3.436"/>
</testsuite> <!-- EdgeTest -->
