<?xml version="1.0" encoding="UTF-8"?>
<!-- Generated by org.testng.reporters.JUnitXMLReporter -->
<testsuite ignored="0" hostname="LAPTOP-QPREM4QV" failures="0" tests="10" name="EdgeTest" time="40.939" errors="0" timestamp="2026-06-17T17:00:41 IST">
  <testcase classname="testscript.AdminUsersTest" name="verifiesAdminUsers" time="5.685"/>
  <testcase classname="testscript.ManageContactTest" name="verifyManageContact" time="2.645"/>
  <testcase classname="testscript.ManageNewsTest" name="verifiesManageNewsFeature" time="2.273"/>
  <testcase classname="testscript.ManageFooterTextTest" name="verfiyManagerFooterUpdateData" time="2.321"/>
  <testcase classname="testscript.LogoutTest" name="verifiesLogout" time="1.092"/>
  <testcase classname="testscript.LoginTest" name="loginWithInvalidCredentials" time="0.644"/>
  <testcase classname="testscript.LoginTest" name="loginWithInvalidusernameAndValidPassword" time="0.573"/>
  <testcase classname="testscript.LoginTest" name="loginWithValidCredentials" time="0.756"/>
  <testcase classname="testscript.LoginTest" name="loginWithValidusernameAndInvalidPassword" time="0.518"/>
  <testcase classname="testscript.ManageCategoryTest" name="verifyManageCategory" time="2.386"/>
</testsuite> <!-- EdgeTest -->
