<?xml version="1.0" encoding="UTF-8"?>
<!-- Generated by org.testng.reporters.JUnitReportReporter -->
<testsuite hostname="LAPTOP-QPREM4QV" failures="0" tests="3" name="testscript.AdminUsersTest" time="413.947" errors="0" timestamp="2026-06-18T21:35:09 IST" skipped="2">
  <testcase classname="testscript.AdminUsersTest" name="verifiesAdminUsers" time="138.141">
    <skipped/>
  </testcase> <!-- verifiesAdminUsers -->
  <testcase classname="testscript.AdminUsersTest" name="verifiesAdminUsers" time="143.967">
    <skipped/>
  </testcase> <!-- verifiesAdminUsers -->
  <testcase classname="testscript.AdminUsersTest" name="verifiesAdminUsers" time="131.839"/>
</testsuite> <!-- testscript.AdminUsersTest -->
