<?xml version="1.0" encoding="UTF-8"?>
<!-- Generated by org.testng.reporters.JUnitReportReporter -->
<testsuite hostname="LAPTOP-QPREM4QV" failures="0" tests="4" name="testscript.LoginTest" time="14.043" errors="0" timestamp="2026-06-27T12:25:37 IST" skipped="0">
  <testcase classname="testscript.LoginTest" name="loginWithValidusernameAndInvalidPassword" time="2.134"/>
  <testcase classname="testscript.LoginTest" name="loginWithValidCredentials" time="6.865"/>
  <testcase classname="testscript.LoginTest" name="loginWithInvalidusernameAndValidPassword" time="2.107"/>
  <testcase classname="testscript.LoginTest" name="loginWithInvalidCredentials" time="2.937"/>
</testsuite> <!-- testscript.LoginTest -->
