<?xml version="1.0" encoding="UTF-8"?>
<!-- Generated by org.testng.reporters.JUnitReportReporter -->
<testsuite hostname="LAPTOP-QPREM4QV" failures="0" tests="4" name="testscript.LoginTest" time="10.663" errors="0" timestamp="2026-06-17T17:00:41 IST" skipped="0">
  <testcase classname="testscript.LoginTest" name="loginWithInvalidCredentials" time="2.755"/>
  <testcase classname="testscript.LoginTest" name="loginWithValidCredentials" time="2.778"/>
  <testcase classname="testscript.LoginTest" name="loginWithInvalidusernameAndValidPassword" time="2.680"/>
  <testcase classname="testscript.LoginTest" name="loginWithValidusernameAndInvalidPassword" time="2.450"/>
</testsuite> <!-- testscript.LoginTest -->
