<?xml version="1.0" encoding="UTF-8"?>
<!-- Generated by org.testng.reporters.JUnitXMLReporter -->
<testsuite ignored="0" hostname="LAPTOP-QPREM4QV" failures="1" tests="10" name="ChromeTest" time="49.7" errors="0" timestamp="2026-06-17T16:48:13 IST">
  <testcase classname="testscript.AdminUsersTest" name="verifiesAdminUsers" time="0.248">
    <failure type="org.apache.poi.openxml4j.exceptions.NotOfficeXmlFileException" message="No valid entries or contents found, this is not a valid OOXML (Office Open XML) file">
      <![CDATA[org.apache.poi.openxml4j.exceptions.NotOfficeXmlFileException: No valid entries or contents found, this is not a valid OOXML (Office Open XML) file
at org.apache.poi.openxml4j.util.ZipArchiveThresholdInputStream.getNextEntry(ZipArchiveThresholdInputStream.java:156)
at org.apache.poi.openxml4j.util.ZipInputStreamZipEntrySource.<init>(ZipInputStreamZipEntrySource.java:94)
at org.apache.poi.openxml4j.opc.ZipPackage.<init>(ZipPackage.java:132)
at org.apache.poi.openxml4j.opc.OPCPackage.open(OPCPackage.java:319)
at org.apache.poi.ooxml.util.PackageHelper.open(PackageHelper.java:59)
at org.apache.poi.xssf.usermodel.XSSFWorkbook.<init>(XSSFWorkbook.java:290)
at org.apache.poi.xssf.usermodel.XSSFWorkbook.<init>(XSSFWorkbook.java:286)
at utilities.ExcelUtility.readStringData(ExcelUtility.java:22)
at testscript.AdminUsersTest.verifiesAdminUsers(AdminUsersTest.java:17)
at java.base/java.util.ArrayList.forEach(ArrayList.java:1511)
at java.base/java.util.concurrent.FutureTask.run(FutureTask.java:264)
at java.base/java.util.concurrent.ThreadPoolExecutor.runWorker(ThreadPoolExecutor.java:1136)
at java.base/java.util.concurrent.ThreadPoolExecutor$Worker.run(ThreadPoolExecutor.java:635)
at java.base/java.lang.Thread.run(Thread.java:842)
Caused by: java.util.zip.ZipException: Unexpected record signature: 0X9C3DF250
at org.apache.commons.compress.archivers.zip.ZipArchiveInputStream.getNextZipEntry(ZipArchiveInputStream.java:296)
at org.apache.poi.openxml4j.util.ZipArchiveThresholdInputStream.getNextEntry(ZipArchiveThresholdInputStream.java:152)
... 30 more
... Removed 17 stack frames]]>
    </failure>
  </testcase> <!-- verifiesAdminUsers -->
  <testcase classname="testscript.ManageContactTest" name="verifyManageContact" time="6.781"/>
  <testcase classname="testscript.ManageNewsTest" name="verifiesManageNewsFeature" time="2.886"/>
  <testcase classname="testscript.ManageFooterTextTest" name="verfiyManagerFooterUpdateData" time="4.037"/>
  <testcase classname="testscript.LogoutTest" name="verifiesLogout" time="2.108"/>
  <testcase classname="testscript.LoginTest" name="loginWithInvalidCredentials" time="0.979"/>
  <testcase classname="testscript.LoginTest" name="loginWithInvalidusernameAndValidPassword" time="1.061"/>
  <testcase classname="testscript.LoginTest" name="loginWithValidCredentials" time="1.237"/>
  <testcase classname="testscript.LoginTest" name="loginWithValidusernameAndInvalidPassword" time="1.229"/>
  <testcase classname="testscript.ManageCategoryTest" name="verifyManageCategory" time="3.904"/>
</testsuite> <!-- ChromeTest -->
