<?xml version="1.0" encoding="UTF-8"?>
<!-- Generated by org.testng.reporters.JUnitXMLReporter -->
<testsuite ignored="0" hostname="LAPTOP-QPREM4QV" failures="1" tests="10" name="EdgeTest" time="50.436" errors="0" timestamp="2026-06-17T16:48:14 IST">
  <testcase classname="testscript.AdminUsersTest" name="verifiesAdminUsers" time="0.599">
    <failure type="java.io.IOException" message="Stream Closed">
      <![CDATA[java.io.IOException: Stream Closed
at java.base/java.io.FileInputStream.available0(Native Method)
at java.base/java.io.FileInputStream.available(FileInputStream.java:415)
at java.base/java.io.BufferedInputStream.read(BufferedInputStream.java:351)
at java.base/java.io.FilterInputStream.read(FilterInputStream.java:132)
at java.base/java.io.PushbackInputStream.read(PushbackInputStream.java:182)
at java.base/java.io.FilterInputStream.read(FilterInputStream.java:106)
at org.apache.commons.compress.archivers.zip.ZipArchiveInputStream.fill(ZipArchiveInputStream.java:861)
at org.apache.commons.compress.archivers.zip.ZipArchiveInputStream.readFromInflater(ZipArchiveInputStream.java:650)
at org.apache.commons.compress.archivers.zip.ZipArchiveInputStream.readDeflated(ZipArchiveInputStream.java:625)
at org.apache.commons.compress.archivers.zip.ZipArchiveInputStream.read(ZipArchiveInputStream.java:528)
at java.base/java.io.FilterInputStream.read(FilterInputStream.java:132)
at org.apache.poi.openxml4j.util.ZipArchiveThresholdInputStream.read(ZipArchiveThresholdInputStream.java:80)
at org.apache.poi.util.IOUtils.toByteArray(IOUtils.java:240)
at org.apache.poi.util.IOUtils.toByteArray(IOUtils.java:203)
at org.apache.poi.openxml4j.util.ZipArchiveFakeEntry.<init>(ZipArchiveFakeEntry.java:82)
at org.apache.poi.openxml4j.util.ZipInputStreamZipEntrySource.<init>(ZipInputStreamZipEntrySource.java:98)
at org.apache.poi.openxml4j.opc.ZipPackage.<init>(ZipPackage.java:132)
at org.apache.poi.openxml4j.opc.OPCPackage.open(OPCPackage.java:319)
at org.apache.poi.ooxml.util.PackageHelper.open(PackageHelper.java:59)
at org.apache.poi.xssf.usermodel.XSSFWorkbook.<init>(XSSFWorkbook.java:290)
at org.apache.poi.xssf.usermodel.XSSFWorkbook.<init>(XSSFWorkbook.java:286)
at utilities.ExcelUtility.readStringData(ExcelUtility.java:22)
at testscript.AdminUsersTest.verifiesAdminUsers(AdminUsersTest.java:17)
at java.base/java.util.ArrayList.forEach(ArrayList.java:1511)
at java.base/java.util.concurrent.FutureTask.run(FutureTask.java:264)
at java.base/java.util.concurrent.ThreadPoolExecutor.runWorker(ThreadPoolExecutor.java:1136)
at java.base/java.util.concurrent.ThreadPoolExecutor$Worker.run(ThreadPoolExecutor.java:635)
at java.base/java.lang.Thread.run(Thread.java:842)
... Removed 17 stack frames]]>
    </failure>
  </testcase> <!-- verifiesAdminUsers -->
  <testcase classname="testscript.ManageContactTest" name="verifyManageContact" time="6.654"/>
  <testcase classname="testscript.ManageNewsTest" name="verifiesManageNewsFeature" time="4.143"/>
  <testcase classname="testscript.ManageFooterTextTest" name="verfiyManagerFooterUpdateData" time="3.097"/>
  <testcase classname="testscript.LogoutTest" name="verifiesLogout" time="1.626"/>
  <testcase classname="testscript.LoginTest" name="loginWithInvalidCredentials" time="0.731"/>
  <testcase classname="testscript.LoginTest" name="loginWithInvalidusernameAndValidPassword" time="0.708"/>
  <testcase classname="testscript.LoginTest" name="loginWithValidCredentials" time="1.072"/>
  <testcase classname="testscript.LoginTest" name="loginWithValidusernameAndInvalidPassword" time="0.763"/>
  <testcase classname="testscript.ManageCategoryTest" name="verifyManageCategory" time="2.938"/>
</testsuite> <!-- EdgeTest -->
